## observing nBOW sparsity
## perhaps it has an effect
## first check with a larger, more comprehensive vocabulary

wcd between parsed_test_malwares/malware_lang_1_1 and parsed_malwares/malware_lang_1
0.57788158517
wcd between parsed_test_malwares/malware_lang_1_1 and parsed_malwares/malware_lang_2
1.70249496418
wcd between parsed_test_malwares/malware_lang_1_1 and parsed_malwares/malware_lang_3
2.02044884359
wcd between parsed_test_malwares/malware_lang_1_1 and parsed_malwares/malware_lang_4
2.58523063674
wcd between parsed_test_malwares/malware_lang_1_1 and parsed_malwares/malware_lang_5
3.78397025514
wcd between parsed_test_malwares/malware_lang_1_1 and parsed_malwares/malware_lang_6
8.37283649011
wcd between parsed_test_malwares/malware_lang_1_1 and parsed_malwares/malware_lang_7
10.0302914633
wcd between parsed_test_malwares/malware_lang_1_1 and parsed_malwares/malware_lang_8
10.764334096
wcd between parsed_test_malwares/malware_lang_1_1 and parsed_malwares/malware_lang_9
13.5391627133

classification
1



wcd between parsed_test_malwares/malware_lang_1_2 and parsed_malwares/malware_lang_1
13.7109880697
wcd between parsed_test_malwares/malware_lang_1_2 and parsed_malwares/malware_lang_2
15.1329798285
wcd between parsed_test_malwares/malware_lang_1_2 and parsed_malwares/malware_lang_3
16.8984569518
wcd between parsed_test_malwares/malware_lang_1_2 and parsed_malwares/malware_lang_4
14.1363561362
wcd between parsed_test_malwares/malware_lang_1_2 and parsed_malwares/malware_lang_5
14.657617287
wcd between parsed_test_malwares/malware_lang_1_2 and parsed_malwares/malware_lang_6
25.2807736182
wcd between parsed_test_malwares/malware_lang_1_2 and parsed_malwares/malware_lang_7
25.1701172268
wcd between parsed_test_malwares/malware_lang_1_2 and parsed_malwares/malware_lang_8
23.0354638298
wcd between parsed_test_malwares/malware_lang_1_2 and parsed_malwares/malware_lang_9
22.0972952224

classification
1



wcd between parsed_test_malwares/malware_lang_1_3 and parsed_malwares/malware_lang_1
4.56942080867
wcd between parsed_test_malwares/malware_lang_1_3 and parsed_malwares/malware_lang_2
4.99566030067
wcd between parsed_test_malwares/malware_lang_1_3 and parsed_malwares/malware_lang_3
6.01099374408
wcd between parsed_test_malwares/malware_lang_1_3 and parsed_malwares/malware_lang_4
6.135628797
wcd between parsed_test_malwares/malware_lang_1_3 and parsed_malwares/malware_lang_5
7.87527370965
wcd between parsed_test_malwares/malware_lang_1_3 and parsed_malwares/malware_lang_6
11.2660018376
wcd between parsed_test_malwares/malware_lang_1_3 and parsed_malwares/malware_lang_7
12.663199236
wcd between parsed_test_malwares/malware_lang_1_3 and parsed_malwares/malware_lang_8
15.3018407787
wcd between parsed_test_malwares/malware_lang_1_3 and parsed_malwares/malware_lang_9
20.8657052121

classification
1



wcd between parsed_test_malwares/malware_lang_2_1 and parsed_malwares/malware_lang_1
1.08916071037
wcd between parsed_test_malwares/malware_lang_2_1 and parsed_malwares/malware_lang_2
2.38547088262
wcd between parsed_test_malwares/malware_lang_2_1 and parsed_malwares/malware_lang_3
2.17615857098
wcd between parsed_test_malwares/malware_lang_2_1 and parsed_malwares/malware_lang_4
2.48598084442
wcd between parsed_test_malwares/malware_lang_2_1 and parsed_malwares/malware_lang_5
3.88119813365
wcd between parsed_test_malwares/malware_lang_2_1 and parsed_malwares/malware_lang_6
9.4507760726
wcd between parsed_test_malwares/malware_lang_2_1 and parsed_malwares/malware_lang_7
9.75244347034
wcd between parsed_test_malwares/malware_lang_2_1 and parsed_malwares/malware_lang_8
11.0066870569
wcd between parsed_test_malwares/malware_lang_2_1 and parsed_malwares/malware_lang_9
14.1746181954

classification
1



wcd between parsed_test_malwares/malware_lang_2_2 and parsed_malwares/malware_lang_1
31.0151172287
wcd between parsed_test_malwares/malware_lang_2_2 and parsed_malwares/malware_lang_2
30.863697729
wcd between parsed_test_malwares/malware_lang_2_2 and parsed_malwares/malware_lang_3
28.2466455597
wcd between parsed_test_malwares/malware_lang_2_2 and parsed_malwares/malware_lang_4
30.6213909578
wcd between parsed_test_malwares/malware_lang_2_2 and parsed_malwares/malware_lang_5
30.5624107989
wcd between parsed_test_malwares/malware_lang_2_2 and parsed_malwares/malware_lang_6
36.7032185514
wcd between parsed_test_malwares/malware_lang_2_2 and parsed_malwares/malware_lang_7
31.9038052068
wcd between parsed_test_malwares/malware_lang_2_2 and parsed_malwares/malware_lang_8
44.0886129515
wcd between parsed_test_malwares/malware_lang_2_2 and parsed_malwares/malware_lang_9
50.867661179

classification
3



wcd between parsed_test_malwares/malware_lang_2_3 and parsed_malwares/malware_lang_1
410.716984116
wcd between parsed_test_malwares/malware_lang_2_3 and parsed_malwares/malware_lang_2
412.61612426
wcd between parsed_test_malwares/malware_lang_2_3 and parsed_malwares/malware_lang_3
409.052026512
wcd between parsed_test_malwares/malware_lang_2_3 and parsed_malwares/malware_lang_4
416.816233754
wcd between parsed_test_malwares/malware_lang_2_3 and parsed_malwares/malware_lang_5
415.666806727
wcd between parsed_test_malwares/malware_lang_2_3 and parsed_malwares/malware_lang_6
419.006585719
wcd between parsed_test_malwares/malware_lang_2_3 and parsed_malwares/malware_lang_7
415.505189549
wcd between parsed_test_malwares/malware_lang_2_3 and parsed_malwares/malware_lang_8
413.036430031
wcd between parsed_test_malwares/malware_lang_2_3 and parsed_malwares/malware_lang_9
418.196568916

classification
3



wcd between parsed_test_malwares/malware_lang_3_1 and parsed_malwares/malware_lang_1
0.976638791841
wcd between parsed_test_malwares/malware_lang_3_1 and parsed_malwares/malware_lang_2
2.23425457634
wcd between parsed_test_malwares/malware_lang_3_1 and parsed_malwares/malware_lang_3
2.32970786209
wcd between parsed_test_malwares/malware_lang_3_1 and parsed_malwares/malware_lang_4
2.87321858314
wcd between parsed_test_malwares/malware_lang_3_1 and parsed_malwares/malware_lang_5
3.8739885893
wcd between parsed_test_malwares/malware_lang_3_1 and parsed_malwares/malware_lang_6
8.93456537415
wcd between parsed_test_malwares/malware_lang_3_1 and parsed_malwares/malware_lang_7
10.6590305342
wcd between parsed_test_malwares/malware_lang_3_1 and parsed_malwares/malware_lang_8
10.9116877056
wcd between parsed_test_malwares/malware_lang_3_1 and parsed_malwares/malware_lang_9
14.1053022048

classification
1



wcd between parsed_test_malwares/malware_lang_3_2 and parsed_malwares/malware_lang_1
30.1547115226
wcd between parsed_test_malwares/malware_lang_3_2 and parsed_malwares/malware_lang_2
32.323361277
wcd between parsed_test_malwares/malware_lang_3_2 and parsed_malwares/malware_lang_3
29.7692078853
wcd between parsed_test_malwares/malware_lang_3_2 and parsed_malwares/malware_lang_4
31.7412782019
wcd between parsed_test_malwares/malware_lang_3_2 and parsed_malwares/malware_lang_5
34.5573039699
wcd between parsed_test_malwares/malware_lang_3_2 and parsed_malwares/malware_lang_6
35.7969231362
wcd between parsed_test_malwares/malware_lang_3_2 and parsed_malwares/malware_lang_7
42.5158355886
wcd between parsed_test_malwares/malware_lang_3_2 and parsed_malwares/malware_lang_8
44.8335596716
wcd between parsed_test_malwares/malware_lang_3_2 and parsed_malwares/malware_lang_9
39.543690672

classification
3



wcd between parsed_test_malwares/malware_lang_3_3 and parsed_malwares/malware_lang_1
344.396332045
wcd between parsed_test_malwares/malware_lang_3_3 and parsed_malwares/malware_lang_2
345.51013094
wcd between parsed_test_malwares/malware_lang_3_3 and parsed_malwares/malware_lang_3
351.76945741
wcd between parsed_test_malwares/malware_lang_3_3 and parsed_malwares/malware_lang_4
350.998269129
wcd between parsed_test_malwares/malware_lang_3_3 and parsed_malwares/malware_lang_5
353.745985872
wcd between parsed_test_malwares/malware_lang_3_3 and parsed_malwares/malware_lang_6
348.344207663
wcd between parsed_test_malwares/malware_lang_3_3 and parsed_malwares/malware_lang_7
364.595819561
wcd between parsed_test_malwares/malware_lang_3_3 and parsed_malwares/malware_lang_8
352.897867643
wcd between parsed_test_malwares/malware_lang_3_3 and parsed_malwares/malware_lang_9
329.580103798

classification
9



wcd between parsed_test_malwares/malware_lang_4_1 and parsed_malwares/malware_lang_1
1.07841982712
wcd between parsed_test_malwares/malware_lang_4_1 and parsed_malwares/malware_lang_2
2.28383908827
wcd between parsed_test_malwares/malware_lang_4_1 and parsed_malwares/malware_lang_3
2.14054136394
wcd between parsed_test_malwares/malware_lang_4_1 and parsed_malwares/malware_lang_4
3.12068757198
wcd between parsed_test_malwares/malware_lang_4_1 and parsed_malwares/malware_lang_5
4.29853692387
wcd between parsed_test_malwares/malware_lang_4_1 and parsed_malwares/malware_lang_6
9.23884304091
wcd between parsed_test_malwares/malware_lang_4_1 and parsed_malwares/malware_lang_7
9.97890675583
wcd between parsed_test_malwares/malware_lang_4_1 and parsed_malwares/malware_lang_8
10.9146083654
wcd between parsed_test_malwares/malware_lang_4_1 and parsed_malwares/malware_lang_9
14.0282560887

classification
1



wcd between parsed_test_malwares/malware_lang_4_2 and parsed_malwares/malware_lang_1
39.0981344567
wcd between parsed_test_malwares/malware_lang_4_2 and parsed_malwares/malware_lang_2
39.3586305622
wcd between parsed_test_malwares/malware_lang_4_2 and parsed_malwares/malware_lang_3
37.1373450448
wcd between parsed_test_malwares/malware_lang_4_2 and parsed_malwares/malware_lang_4
45.0653946138
wcd between parsed_test_malwares/malware_lang_4_2 and parsed_malwares/malware_lang_5
44.9771481087
wcd between parsed_test_malwares/malware_lang_4_2 and parsed_malwares/malware_lang_6
48.0123954364
wcd between parsed_test_malwares/malware_lang_4_2 and parsed_malwares/malware_lang_7
51.6376360279
wcd between parsed_test_malwares/malware_lang_4_2 and parsed_malwares/malware_lang_8
49.9705133112
wcd between parsed_test_malwares/malware_lang_4_2 and parsed_malwares/malware_lang_9
60.8618077866

classification
3



wcd between parsed_test_malwares/malware_lang_4_3 and parsed_malwares/malware_lang_1
426.947578777
wcd between parsed_test_malwares/malware_lang_4_3 and parsed_malwares/malware_lang_2
425.705696178
wcd between parsed_test_malwares/malware_lang_4_3 and parsed_malwares/malware_lang_3
420.349415999
wcd between parsed_test_malwares/malware_lang_4_3 and parsed_malwares/malware_lang_4
423.404540638
wcd between parsed_test_malwares/malware_lang_4_3 and parsed_malwares/malware_lang_5
437.093186524
wcd between parsed_test_malwares/malware_lang_4_3 and parsed_malwares/malware_lang_6
416.308670909
wcd between parsed_test_malwares/malware_lang_4_3 and parsed_malwares/malware_lang_7
429.121428595
wcd between parsed_test_malwares/malware_lang_4_3 and parsed_malwares/malware_lang_8
437.076506213
wcd between parsed_test_malwares/malware_lang_4_3 and parsed_malwares/malware_lang_9
449.00524646

classification
6



wcd between parsed_test_malwares/malware_lang_5_1 and parsed_malwares/malware_lang_1
3.57252211683
wcd between parsed_test_malwares/malware_lang_5_1 and parsed_malwares/malware_lang_2
4.60499682682
wcd between parsed_test_malwares/malware_lang_5_1 and parsed_malwares/malware_lang_3
4.55799400161
wcd between parsed_test_malwares/malware_lang_5_1 and parsed_malwares/malware_lang_4
5.94370452341
wcd between parsed_test_malwares/malware_lang_5_1 and parsed_malwares/malware_lang_5
6.07155312226
wcd between parsed_test_malwares/malware_lang_5_1 and parsed_malwares/malware_lang_6
12.391542683
wcd between parsed_test_malwares/malware_lang_5_1 and parsed_malwares/malware_lang_7
10.4013361815
wcd between parsed_test_malwares/malware_lang_5_1 and parsed_malwares/malware_lang_8
13.982021503
wcd between parsed_test_malwares/malware_lang_5_1 and parsed_malwares/malware_lang_9
16.8237885678

classification
1



wcd between parsed_test_malwares/malware_lang_5_2 and parsed_malwares/malware_lang_1
45.9930309866
wcd between parsed_test_malwares/malware_lang_5_2 and parsed_malwares/malware_lang_2
47.8096011719
wcd between parsed_test_malwares/malware_lang_5_2 and parsed_malwares/malware_lang_3
46.7658139052
wcd between parsed_test_malwares/malware_lang_5_2 and parsed_malwares/malware_lang_4
47.5318345354
wcd between parsed_test_malwares/malware_lang_5_2 and parsed_malwares/malware_lang_5
50.9870122019
wcd between parsed_test_malwares/malware_lang_5_2 and parsed_malwares/malware_lang_6
53.4553101193
wcd between parsed_test_malwares/malware_lang_5_2 and parsed_malwares/malware_lang_7
54.6027739358
wcd between parsed_test_malwares/malware_lang_5_2 and parsed_malwares/malware_lang_8
61.0793295735
wcd between parsed_test_malwares/malware_lang_5_2 and parsed_malwares/malware_lang_9
58.9664142345

classification
1



wcd between parsed_test_malwares/malware_lang_5_3 and parsed_malwares/malware_lang_1
506.961032684
wcd between parsed_test_malwares/malware_lang_5_3 and parsed_malwares/malware_lang_2
506.340229996
wcd between parsed_test_malwares/malware_lang_5_3 and parsed_malwares/malware_lang_3
502.067835012
wcd between parsed_test_malwares/malware_lang_5_3 and parsed_malwares/malware_lang_4
501.477207914
wcd between parsed_test_malwares/malware_lang_5_3 and parsed_malwares/malware_lang_5
510.326721892
wcd between parsed_test_malwares/malware_lang_5_3 and parsed_malwares/malware_lang_6
516.930274578
wcd between parsed_test_malwares/malware_lang_5_3 and parsed_malwares/malware_lang_7
477.399250531
wcd between parsed_test_malwares/malware_lang_5_3 and parsed_malwares/malware_lang_8
504.910561665
wcd between parsed_test_malwares/malware_lang_5_3 and parsed_malwares/malware_lang_9
558.970238606

classification
7



wcd between parsed_test_malwares/malware_lang_6_1 and parsed_malwares/malware_lang_1
17.6179384852
wcd between parsed_test_malwares/malware_lang_6_1 and parsed_malwares/malware_lang_2
17.5343734088
wcd between parsed_test_malwares/malware_lang_6_1 and parsed_malwares/malware_lang_3
18.9573661053
wcd between parsed_test_malwares/malware_lang_6_1 and parsed_malwares/malware_lang_4
19.7926669429
wcd between parsed_test_malwares/malware_lang_6_1 and parsed_malwares/malware_lang_5
21.362331486
wcd between parsed_test_malwares/malware_lang_6_1 and parsed_malwares/malware_lang_6
26.4901047351
wcd between parsed_test_malwares/malware_lang_6_1 and parsed_malwares/malware_lang_7
27.7178850176
wcd between parsed_test_malwares/malware_lang_6_1 and parsed_malwares/malware_lang_8
25.6879414191
wcd between parsed_test_malwares/malware_lang_6_1 and parsed_malwares/malware_lang_9
32.6940126143

classification
2



wcd between parsed_test_malwares/malware_lang_6_2 and parsed_malwares/malware_lang_1
73.8870480762
wcd between parsed_test_malwares/malware_lang_6_2 and parsed_malwares/malware_lang_2
75.2343129666
wcd between parsed_test_malwares/malware_lang_6_2 and parsed_malwares/malware_lang_3
77.7529075709
wcd between parsed_test_malwares/malware_lang_6_2 and parsed_malwares/malware_lang_4
76.1396025917
wcd between parsed_test_malwares/malware_lang_6_2 and parsed_malwares/malware_lang_5
77.5922919743
wcd between parsed_test_malwares/malware_lang_6_2 and parsed_malwares/malware_lang_6
85.6378223424
wcd between parsed_test_malwares/malware_lang_6_2 and parsed_malwares/malware_lang_7
81.4831269988
wcd between parsed_test_malwares/malware_lang_6_2 and parsed_malwares/malware_lang_8
78.5509881278
wcd between parsed_test_malwares/malware_lang_6_2 and parsed_malwares/malware_lang_9
87.0558640244

classification
1



wcd between parsed_test_malwares/malware_lang_6_3 and parsed_malwares/malware_lang_1
486.3082477
wcd between parsed_test_malwares/malware_lang_6_3 and parsed_malwares/malware_lang_2
485.104162809
wcd between parsed_test_malwares/malware_lang_6_3 and parsed_malwares/malware_lang_3
490.776051672
wcd between parsed_test_malwares/malware_lang_6_3 and parsed_malwares/malware_lang_4
484.614916027
wcd between parsed_test_malwares/malware_lang_6_3 and parsed_malwares/malware_lang_5
482.17244801
wcd between parsed_test_malwares/malware_lang_6_3 and parsed_malwares/malware_lang_6
494.639015622
wcd between parsed_test_malwares/malware_lang_6_3 and parsed_malwares/malware_lang_7
497.485907757
wcd between parsed_test_malwares/malware_lang_6_3 and parsed_malwares/malware_lang_8
486.9065542
wcd between parsed_test_malwares/malware_lang_6_3 and parsed_malwares/malware_lang_9
519.291258258

classification
5



wcd between parsed_test_malwares/malware_lang_7_1 and parsed_malwares/malware_lang_1
16.9102945279
wcd between parsed_test_malwares/malware_lang_7_1 and parsed_malwares/malware_lang_2
19.2047454502
wcd between parsed_test_malwares/malware_lang_7_1 and parsed_malwares/malware_lang_3
19.0239066446
wcd between parsed_test_malwares/malware_lang_7_1 and parsed_malwares/malware_lang_4
21.3744587468
wcd between parsed_test_malwares/malware_lang_7_1 and parsed_malwares/malware_lang_5
20.8245922448
wcd between parsed_test_malwares/malware_lang_7_1 and parsed_malwares/malware_lang_6
25.9386186946
wcd between parsed_test_malwares/malware_lang_7_1 and parsed_malwares/malware_lang_7
26.2686648605
wcd between parsed_test_malwares/malware_lang_7_1 and parsed_malwares/malware_lang_8
21.9648296924
wcd between parsed_test_malwares/malware_lang_7_1 and parsed_malwares/malware_lang_9
30.1420452912

classification
1



wcd between parsed_test_malwares/malware_lang_7_2 and parsed_malwares/malware_lang_1
74.9409163453
wcd between parsed_test_malwares/malware_lang_7_2 and parsed_malwares/malware_lang_2
75.7290102674
wcd between parsed_test_malwares/malware_lang_7_2 and parsed_malwares/malware_lang_3
75.4235042925
wcd between parsed_test_malwares/malware_lang_7_2 and parsed_malwares/malware_lang_4
75.4658799515
wcd between parsed_test_malwares/malware_lang_7_2 and parsed_malwares/malware_lang_5
80.0143078399
wcd between parsed_test_malwares/malware_lang_7_2 and parsed_malwares/malware_lang_6
85.4185030891
wcd between parsed_test_malwares/malware_lang_7_2 and parsed_malwares/malware_lang_7
86.0970068986
wcd between parsed_test_malwares/malware_lang_7_2 and parsed_malwares/malware_lang_8
87.0106212506
wcd between parsed_test_malwares/malware_lang_7_2 and parsed_malwares/malware_lang_9
96.9917973406

classification
1



wcd between parsed_test_malwares/malware_lang_7_3 and parsed_malwares/malware_lang_1
661.809256635
wcd between parsed_test_malwares/malware_lang_7_3 and parsed_malwares/malware_lang_2
665.059092452
wcd between parsed_test_malwares/malware_lang_7_3 and parsed_malwares/malware_lang_3
657.34979989
wcd between parsed_test_malwares/malware_lang_7_3 and parsed_malwares/malware_lang_4
654.16450162
wcd between parsed_test_malwares/malware_lang_7_3 and parsed_malwares/malware_lang_5
648.919298618
wcd between parsed_test_malwares/malware_lang_7_3 and parsed_malwares/malware_lang_6
659.022131304
wcd between parsed_test_malwares/malware_lang_7_3 and parsed_malwares/malware_lang_7
653.881273578
wcd between parsed_test_malwares/malware_lang_7_3 and parsed_malwares/malware_lang_8
668.088946632
wcd between parsed_test_malwares/malware_lang_7_3 and parsed_malwares/malware_lang_9
706.076289226

classification
5



wcd between parsed_test_malwares/malware_lang_8_1 and parsed_malwares/malware_lang_1
24.3602101365
wcd between parsed_test_malwares/malware_lang_8_1 and parsed_malwares/malware_lang_2
26.7951081357
wcd between parsed_test_malwares/malware_lang_8_1 and parsed_malwares/malware_lang_3
25.5427376626
wcd between parsed_test_malwares/malware_lang_8_1 and parsed_malwares/malware_lang_4
26.0862957923
wcd between parsed_test_malwares/malware_lang_8_1 and parsed_malwares/malware_lang_5
29.3442962929
wcd between parsed_test_malwares/malware_lang_8_1 and parsed_malwares/malware_lang_6
34.1360406543
wcd between parsed_test_malwares/malware_lang_8_1 and parsed_malwares/malware_lang_7
34.7581800046
wcd between parsed_test_malwares/malware_lang_8_1 and parsed_malwares/malware_lang_8
32.3241220717
wcd between parsed_test_malwares/malware_lang_8_1 and parsed_malwares/malware_lang_9
36.5336628568

classification
1



wcd between parsed_test_malwares/malware_lang_8_2 and parsed_malwares/malware_lang_1
93.5418353961
wcd between parsed_test_malwares/malware_lang_8_2 and parsed_malwares/malware_lang_2
94.1261404539
wcd between parsed_test_malwares/malware_lang_8_2 and parsed_malwares/malware_lang_3
92.898416531
wcd between parsed_test_malwares/malware_lang_8_2 and parsed_malwares/malware_lang_4
95.6672846985
wcd between parsed_test_malwares/malware_lang_8_2 and parsed_malwares/malware_lang_5
95.1781302693
wcd between parsed_test_malwares/malware_lang_8_2 and parsed_malwares/malware_lang_6
102.635533983
wcd between parsed_test_malwares/malware_lang_8_2 and parsed_malwares/malware_lang_7
107.706764245
wcd between parsed_test_malwares/malware_lang_8_2 and parsed_malwares/malware_lang_8
105.175379125
wcd between parsed_test_malwares/malware_lang_8_2 and parsed_malwares/malware_lang_9
97.0431187456

classification
3



wcd between parsed_test_malwares/malware_lang_8_3 and parsed_malwares/malware_lang_1
579.814769405
wcd between parsed_test_malwares/malware_lang_8_3 and parsed_malwares/malware_lang_2
580.812579389
wcd between parsed_test_malwares/malware_lang_8_3 and parsed_malwares/malware_lang_3
576.2150071
wcd between parsed_test_malwares/malware_lang_8_3 and parsed_malwares/malware_lang_4
582.643662677
wcd between parsed_test_malwares/malware_lang_8_3 and parsed_malwares/malware_lang_5
576.958374336
wcd between parsed_test_malwares/malware_lang_8_3 and parsed_malwares/malware_lang_6
602.158952346
wcd between parsed_test_malwares/malware_lang_8_3 and parsed_malwares/malware_lang_7
600.820422748
wcd between parsed_test_malwares/malware_lang_8_3 and parsed_malwares/malware_lang_8
569.590175531
wcd between parsed_test_malwares/malware_lang_8_3 and parsed_malwares/malware_lang_9
604.622667082

classification
8



wcd between parsed_test_malwares/malware_lang_9_1 and parsed_malwares/malware_lang_1
111.298910145
wcd between parsed_test_malwares/malware_lang_9_1 and parsed_malwares/malware_lang_2
111.939749981
wcd between parsed_test_malwares/malware_lang_9_1 and parsed_malwares/malware_lang_3
110.418173013
wcd between parsed_test_malwares/malware_lang_9_1 and parsed_malwares/malware_lang_4
114.501982601
wcd between parsed_test_malwares/malware_lang_9_1 and parsed_malwares/malware_lang_5
114.616290635
wcd between parsed_test_malwares/malware_lang_9_1 and parsed_malwares/malware_lang_6
123.542588039
wcd between parsed_test_malwares/malware_lang_9_1 and parsed_malwares/malware_lang_7
123.290993793
wcd between parsed_test_malwares/malware_lang_9_1 and parsed_malwares/malware_lang_8
117.393462678
wcd between parsed_test_malwares/malware_lang_9_1 and parsed_malwares/malware_lang_9
127.789400819

classification
3



wcd between parsed_test_malwares/malware_lang_9_2 and parsed_malwares/malware_lang_1
120.145781238
wcd between parsed_test_malwares/malware_lang_9_2 and parsed_malwares/malware_lang_2
121.79770959
wcd between parsed_test_malwares/malware_lang_9_2 and parsed_malwares/malware_lang_3
119.13147333
wcd between parsed_test_malwares/malware_lang_9_2 and parsed_malwares/malware_lang_4
120.706328356
wcd between parsed_test_malwares/malware_lang_9_2 and parsed_malwares/malware_lang_5
128.627208151
wcd between parsed_test_malwares/malware_lang_9_2 and parsed_malwares/malware_lang_6
127.839533665
wcd between parsed_test_malwares/malware_lang_9_2 and parsed_malwares/malware_lang_7
128.010352652
wcd between parsed_test_malwares/malware_lang_9_2 and parsed_malwares/malware_lang_8
135.984370385
wcd between parsed_test_malwares/malware_lang_9_2 and parsed_malwares/malware_lang_9
141.824034253

classification
3



wcd between parsed_test_malwares/malware_lang_9_3 and parsed_malwares/malware_lang_1
492.111581691
wcd between parsed_test_malwares/malware_lang_9_3 and parsed_malwares/malware_lang_2
502.745622351
wcd between parsed_test_malwares/malware_lang_9_3 and parsed_malwares/malware_lang_3
503.649049111
wcd between parsed_test_malwares/malware_lang_9_3 and parsed_malwares/malware_lang_4
492.075170817
wcd between parsed_test_malwares/malware_lang_9_3 and parsed_malwares/malware_lang_5
513.509748057
wcd between parsed_test_malwares/malware_lang_9_3 and parsed_malwares/malware_lang_6
516.701646043
wcd between parsed_test_malwares/malware_lang_9_3 and parsed_malwares/malware_lang_7
520.023268732
wcd between parsed_test_malwares/malware_lang_9_3 and parsed_malwares/malware_lang_8
495.922296282
wcd between parsed_test_malwares/malware_lang_9_3 and parsed_malwares/malware_lang_9
511.001231893

classification
4



